Analysis & Synthesis report for acqu_pos_top
Tue Dec 17 21:11:40 2019
Quartus Prime Version 19.1.0 Build 670 09/22/2019 SJ Lite Edition


---------------------
; Table of Contents ;
---------------------
  1. Legal Notice
  2. Analysis & Synthesis Summary
  3. Analysis & Synthesis Settings
  4. Parallel Compilation
  5. Analysis & Synthesis Source Files Read
  6. Analysis & Synthesis Resource Usage Summary
  7. Analysis & Synthesis Resource Utilization by Entity
  8. General Register Statistics
  9. Multiplexer Restructuring Statistics (Restructuring Performed)
 10. Parameter Settings for User Entity Instance: bloc_comptage_n:compteur
 11. Analysis & Synthesis Messages



----------------
; Legal Notice ;
----------------
Copyright (C) 2019  Intel Corporation. All rights reserved.
Your use of Intel Corporation's design tools, logic functions 
and other software and tools, and any partner logic 
functions, and any output files from any of the foregoing 
(including device programming or simulation files), and any 
associated documentation or information are expressly subject 
to the terms and conditions of the Intel Program License 
Subscription Agreement, the Intel Quartus Prime License Agreement,
the Intel FPGA IP License Agreement, or other applicable license
agreement, including, without limitation, that your use is for
the sole purpose of programming logic devices manufactured by
Intel and sold by Intel or its authorized distributors.  Please
refer to the applicable agreement for further details, at
https://fpgasoftware.intel.com/eula.



+---------------------------------------------------------------------------+
; Analysis & Synthesis Summary                                              ;
+-----------------------------+---------------------------------------------+
; Analysis & Synthesis Status ; Successful - Tue Dec 17 21:11:40 2019       ;
; Quartus Prime Version       ; 19.1.0 Build 670 09/22/2019 SJ Lite Edition ;
; Revision Name               ; acqu_pos_top                                ;
; Top-level Entity Name       ; acqu_pos_top                                ;
; Family                      ; MAX V                                       ;
; Total logic elements        ; 89                                          ;
; Total pins                  ; 29                                          ;
; Total virtual pins          ; 0                                           ;
; UFM blocks                  ; 0 / 1 ( 0 % )                               ;
+-----------------------------+---------------------------------------------+


+------------------------------------------------------------------------------------------------------------+
; Analysis & Synthesis Settings                                                                              ;
+------------------------------------------------------------------+--------------------+--------------------+
; Option                                                           ; Setting            ; Default Value      ;
+------------------------------------------------------------------+--------------------+--------------------+
; Device                                                           ; 5M570ZF256C5       ;                    ;
; Top-level entity name                                            ; acqu_pos_top       ; acqu_pos_top       ;
; Family name                                                      ; MAX V              ; Cyclone V          ;
; Use smart compilation                                            ; Off                ; Off                ;
; Enable parallel Assembler and Timing Analyzer during compilation ; On                 ; On                 ;
; Enable compact report table                                      ; Off                ; Off                ;
; Restructure Multiplexers                                         ; Auto               ; Auto               ;
; Create Debugging Nodes for IP Cores                              ; Off                ; Off                ;
; Preserve fewer node names                                        ; On                 ; On                 ;
; Intel FPGA IP Evaluation Mode                                    ; Enable             ; Enable             ;
; Verilog Version                                                  ; Verilog_2001       ; Verilog_2001       ;
; VHDL Version                                                     ; VHDL_1993          ; VHDL_1993          ;
; State Machine Processing                                         ; Auto               ; Auto               ;
; Safe State Machine                                               ; Off                ; Off                ;
; Extract Verilog State Machines                                   ; On                 ; On                 ;
; Extract VHDL State Machines                                      ; On                 ; On                 ;
; Ignore Verilog initial constructs                                ; Off                ; Off                ;
; Iteration limit for constant Verilog loops                       ; 5000               ; 5000               ;
; Iteration limit for non-constant Verilog loops                   ; 250                ; 250                ;
; Add Pass-Through Logic to Inferred RAMs                          ; On                 ; On                 ;
; Infer RAMs from Raw Logic                                        ; On                 ; On                 ;
; Parallel Synthesis                                               ; On                 ; On                 ;
; NOT Gate Push-Back                                               ; On                 ; On                 ;
; Power-Up Don't Care                                              ; On                 ; On                 ;
; Remove Redundant Logic Cells                                     ; Off                ; Off                ;
; Remove Duplicate Registers                                       ; On                 ; On                 ;
; Ignore CARRY Buffers                                             ; Off                ; Off                ;
; Ignore CASCADE Buffers                                           ; Off                ; Off                ;
; Ignore GLOBAL Buffers                                            ; Off                ; Off                ;
; Ignore ROW GLOBAL Buffers                                        ; Off                ; Off                ;
; Ignore LCELL Buffers                                             ; Off                ; Off                ;
; Ignore SOFT Buffers                                              ; On                 ; On                 ;
; Limit AHDL Integers to 32 Bits                                   ; Off                ; Off                ;
; Optimization Technique                                           ; Balanced           ; Balanced           ;
; Carry Chain Length                                               ; 70                 ; 70                 ;
; Auto Carry Chains                                                ; On                 ; On                 ;
; Auto Open-Drain Pins                                             ; On                 ; On                 ;
; Perform WYSIWYG Primitive Resynthesis                            ; Off                ; Off                ;
; Auto Shift Register Replacement                                  ; Auto               ; Auto               ;
; Allow Shift Register Merging across Hierarchies                  ; Auto               ; Auto               ;
; Auto Clock Enable Replacement                                    ; On                 ; On                 ;
; Allow Synchronous Control Signals                                ; On                 ; On                 ;
; Force Use of Synchronous Clear Signals                           ; Off                ; Off                ;
; Auto Resource Sharing                                            ; Off                ; Off                ;
; Use LogicLock Constraints during Resource Balancing              ; On                 ; On                 ;
; Ignore translate_off and synthesis_off directives                ; Off                ; Off                ;
; Report Parameter Settings                                        ; On                 ; On                 ;
; Report Source Assignments                                        ; On                 ; On                 ;
; Report Connectivity Checks                                       ; On                 ; On                 ;
; Ignore Maximum Fan-Out Assignments                               ; Off                ; Off                ;
; Synchronization Register Chain Length                            ; 2                  ; 2                  ;
; Power Optimization During Synthesis                              ; Normal compilation ; Normal compilation ;
; HDL message level                                                ; Level2             ; Level2             ;
; Suppress Register Optimization Related Messages                  ; Off                ; Off                ;
; Number of Removed Registers Reported in Synthesis Report         ; 5000               ; 5000               ;
; Number of Swept Nodes Reported in Synthesis Report               ; 5000               ; 5000               ;
; Number of Inverted Registers Reported in Synthesis Report        ; 100                ; 100                ;
; Clock MUX Protection                                             ; On                 ; On                 ;
; Block Design Naming                                              ; Auto               ; Auto               ;
; Synthesis Effort                                                 ; Auto               ; Auto               ;
; Shift Register Replacement - Allow Asynchronous Clear Signal     ; On                 ; On                 ;
; Analysis & Synthesis Message Level                               ; Medium             ; Medium             ;
; Disable Register Merging Across Hierarchies                      ; Auto               ; Auto               ;
+------------------------------------------------------------------+--------------------+--------------------+


+------------------------------------------+
; Parallel Compilation                     ;
+----------------------------+-------------+
; Processors                 ; Number      ;
+----------------------------+-------------+
; Number detected on machine ; 4           ;
; Maximum allowed            ; 2           ;
;                            ;             ;
; Average used               ; 1.00        ;
; Maximum used               ; 1           ;
;                            ;             ;
; Usage by Processor         ; % Time Used ;
;     Processor 1            ; 100.0%      ;
+----------------------------+-------------+


+----------------------------------------------------------------------------------------------------------------------------------------------------------------------+
; Analysis & Synthesis Source Files Read                                                                                                                               ;
+----------------------------------+-----------------+-----------------+-------------------------------------------------------------------------------------+---------+
; File Name with User-Entered Path ; Used in Netlist ; File Type       ; File Name with Absolute Path                                                        ; Library ;
+----------------------------------+-----------------+-----------------+-------------------------------------------------------------------------------------+---------+
; ../src/acqu_pos_top.vhd          ; yes             ; User VHDL File  ; /D/documents/HeigVd/Annee3/Premier_semestre/CSN/Labos/Labo4/src/acqu_pos_top.vhd    ;         ;
; ../src/bloc_comptage_n.vhd       ; yes             ; User VHDL File  ; /D/documents/HeigVd/Annee3/Premier_semestre/CSN/Labos/Labo4/src/bloc_comptage_n.vhd ;         ;
; ../src/det_err.vhd               ; yes             ; User VHDL File  ; /D/documents/HeigVd/Annee3/Premier_semestre/CSN/Labos/Labo4/src/det_err.vhd         ;         ;
; ../src/mss.vhd                   ; yes             ; User VHDL File  ; /D/documents/HeigVd/Annee3/Premier_semestre/CSN/Labos/Labo4/src/mss.vhd             ;         ;
+----------------------------------+-----------------+-----------------+-------------------------------------------------------------------------------------+---------+


+-------------------------------------------------------+
; Analysis & Synthesis Resource Usage Summary           ;
+---------------------------------------------+---------+
; Resource                                    ; Usage   ;
+---------------------------------------------+---------+
; Total logic elements                        ; 89      ;
;     -- Combinational with no register       ; 64      ;
;     -- Register only                        ; 3       ;
;     -- Combinational with a register        ; 22      ;
;                                             ;         ;
; Logic element usage by number of LUT inputs ;         ;
;     -- 4 input functions                    ; 25      ;
;     -- 3 input functions                    ; 24      ;
;     -- 2 input functions                    ; 35      ;
;     -- 1 input functions                    ; 2       ;
;     -- 0 input functions                    ; 0       ;
;                                             ;         ;
; Logic elements by mode                      ;         ;
;     -- normal mode                          ; 59      ;
;     -- arithmetic mode                      ; 30      ;
;     -- qfbk mode                            ; 0       ;
;     -- register cascade mode                ; 0       ;
;     -- synchronous clear/load mode          ; 18      ;
;     -- asynchronous clear/load mode         ; 25      ;
;                                             ;         ;
; Total registers                             ; 25      ;
; Total logic cells in carry chains           ; 32      ;
; I/O pins                                    ; 29      ;
; Maximum fan-out node                        ; clock_i ;
; Maximum fan-out                             ; 25      ;
; Total fan-out                               ; 351     ;
; Average fan-out                             ; 2.97    ;
+---------------------------------------------+---------+


+--------------------------------------------------------------------------------------------------------------------------------------------------------------------------------------------------------------------------------------------------------------+
; Analysis & Synthesis Resource Utilization by Entity                                                                                                                                                                                                          ;
+-------------------------------+-------------+--------------+------------+------+--------------+--------------+-------------------+------------------+-----------------+------------+----------------------------------------+-----------------+--------------+
; Compilation Hierarchy Node    ; Logic Cells ; LC Registers ; UFM Blocks ; Pins ; Virtual Pins ; LUT-Only LCs ; Register-Only LCs ; LUT/Register LCs ; Carry Chain LCs ; Packed LCs ; Full Hierarchy Name                    ; Entity Name     ; Library Name ;
+-------------------------------+-------------+--------------+------------+------+--------------+--------------+-------------------+------------------+-----------------+------------+----------------------------------------+-----------------+--------------+
; |acqu_pos_top                 ; 89 (3)      ; 25           ; 0          ; 29   ; 0            ; 64 (0)       ; 3 (3)             ; 22 (0)           ; 32 (0)          ; 0 (0)      ; |acqu_pos_top                          ; acqu_pos_top    ; work         ;
;    |bloc_comptage_n:compteur| ; 49 (49)     ; 16           ; 0          ; 0    ; 0            ; 33 (33)      ; 0 (0)             ; 16 (16)          ; 32 (32)         ; 0 (0)      ; |acqu_pos_top|bloc_comptage_n:compteur ; bloc_comptage_n ; work         ;
;    |det_err:ff_erreur|        ; 1 (1)       ; 1            ; 0          ; 0    ; 0            ; 0 (0)        ; 0 (0)             ; 1 (1)            ; 0 (0)           ; 0 (0)      ; |acqu_pos_top|det_err:ff_erreur        ; det_err         ; work         ;
;    |mss:machine_etat|         ; 36 (36)     ; 5            ; 0          ; 0    ; 0            ; 31 (31)      ; 0 (0)             ; 5 (5)            ; 0 (0)           ; 0 (0)      ; |acqu_pos_top|mss:machine_etat         ; mss             ; work         ;
+-------------------------------+-------------+--------------+------------+------+--------------+--------------+-------------------+------------------+-----------------+------------+----------------------------------------+-----------------+--------------+
Note: For table entries with two numbers listed, the numbers in parentheses indicate the number of resources of the given type used by the specific entity alone. The numbers listed outside of parentheses indicate the total resources of the given type used by the specific entity and all of its sub-entities in the hierarchy.


+------------------------------------------------------+
; General Register Statistics                          ;
+----------------------------------------------+-------+
; Statistic                                    ; Value ;
+----------------------------------------------+-------+
; Total registers                              ; 25    ;
; Number of registers using Synchronous Clear  ; 17    ;
; Number of registers using Synchronous Load   ; 1     ;
; Number of registers using Asynchronous Clear ; 25    ;
; Number of registers using Asynchronous Load  ; 0     ;
; Number of registers using Clock Enable       ; 16    ;
; Number of registers using Preset             ; 0     ;
+----------------------------------------------+-------+


+--------------------------------------------------------------------------------------------------------------------------------------------------------------------+
; Multiplexer Restructuring Statistics (Restructuring Performed)                                                                                                     ;
+--------------------+-----------+---------------+----------------------+------------------------+------------+------------------------------------------------------+
; Multiplexer Inputs ; Bus Width ; Baseline Area ; Area if Restructured ; Saving if Restructured ; Registered ; Example Multiplexer Output                           ;
+--------------------+-----------+---------------+----------------------+------------------------+------------+------------------------------------------------------+
; 4:1                ; 16 bits   ; 32 LEs        ; 32 LEs               ; 0 LEs                  ; Yes        ; |acqu_pos_top|bloc_comptage_n:compteur|pos_pres_s[1] ;
; 3:1                ; 3 bits    ; 6 LEs         ; 6 LEs                ; 0 LEs                  ; No         ; |acqu_pos_top|mss:machine_etat|Mux3                  ;
+--------------------+-----------+---------------+----------------------+------------------------+------------+------------------------------------------------------+


+-----------------------------------------------------------------------+
; Parameter Settings for User Entity Instance: bloc_comptage_n:compteur ;
+----------------+-------+----------------------------------------------+
; Parameter Name ; Value ; Type                                         ;
+----------------+-------+----------------------------------------------+
; n_bits         ; 16    ; Signed Integer                               ;
+----------------+-------+----------------------------------------------+
Note: In order to hide this table in the UI and the text report file, please set the "Show Parameter Settings in Synthesis Report" option in "Analysis and Synthesis Settings -> More Settings" to "Off".


+-------------------------------+
; Analysis & Synthesis Messages ;
+-------------------------------+
Info: *******************************************************************
Info: Running Quartus Prime Analysis & Synthesis
    Info: Version 19.1.0 Build 670 09/22/2019 SJ Lite Edition
    Info: Processing started: Tue Dec 17 21:11:32 2019
Info: Command: quartus_map --read_settings_files=on --write_settings_files=off acqu_pos_top -c acqu_pos_top
Warning (18236): Number of processors has not been specified which may cause overloading on shared machines.  Set the global assignment NUM_PARALLEL_PROCESSORS in your QSF to an appropriate value for best performance.
Info (20030): Parallel compilation is enabled and will use 2 of the 2 processors detected
Info (12021): Found 2 design units, including 1 entities, in source file /D/documents/HeigVd/Annee3/Premier_semestre/CSN/Labos/Labo4/src/acqu_pos_top.vhd
    Info (12022): Found design unit 1: acqu_pos_top-struct File: /D/documents/HeigVd/Annee3/Premier_semestre/CSN/Labos/Labo4/src/acqu_pos_top.vhd Line: 48
    Info (12023): Found entity 1: acqu_pos_top File: /D/documents/HeigVd/Annee3/Premier_semestre/CSN/Labos/Labo4/src/acqu_pos_top.vhd Line: 33
Info (12021): Found 2 design units, including 1 entities, in source file /D/documents/HeigVd/Annee3/Premier_semestre/CSN/Labos/Labo4/src/bloc_comptage_n.vhd
    Info (12022): Found design unit 1: bloc_comptage_n-comport File: /D/documents/HeigVd/Annee3/Premier_semestre/CSN/Labos/Labo4/src/bloc_comptage_n.vhd Line: 29
    Info (12023): Found entity 1: bloc_comptage_n File: /D/documents/HeigVd/Annee3/Premier_semestre/CSN/Labos/Labo4/src/bloc_comptage_n.vhd Line: 18
Info (12021): Found 2 design units, including 1 entities, in source file /D/documents/HeigVd/Annee3/Premier_semestre/CSN/Labos/Labo4/src/det_err.vhd
    Info (12022): Found design unit 1: det_err-comport File: /D/documents/HeigVd/Annee3/Premier_semestre/CSN/Labos/Labo4/src/det_err.vhd Line: 27
    Info (12023): Found entity 1: det_err File: /D/documents/HeigVd/Annee3/Premier_semestre/CSN/Labos/Labo4/src/det_err.vhd Line: 18
Info (12021): Found 2 design units, including 1 entities, in source file /D/documents/HeigVd/Annee3/Premier_semestre/CSN/Labos/Labo4/src/mss.vhd
    Info (12022): Found design unit 1: mss-M_Etat File: /D/documents/HeigVd/Annee3/Premier_semestre/CSN/Labos/Labo4/src/mss.vhd Line: 28
    Info (12023): Found entity 1: mss File: /D/documents/HeigVd/Annee3/Premier_semestre/CSN/Labos/Labo4/src/mss.vhd Line: 17
Info (12127): Elaborating entity "acqu_pos_top" for the top level hierarchy
Warning (10492): VHDL Process Statement warning at acqu_pos_top.vhd(131): signal "reset_i" is read inside the Process Statement but isn't in the Process Statement's sensitivity list File: /D/documents/HeigVd/Annee3/Premier_semestre/CSN/Labos/Labo4/src/acqu_pos_top.vhd Line: 131
Info (12129): Elaborating entity "det_err" using architecture "A:comport" for hierarchy "det_err:ff_erreur" File: /D/documents/HeigVd/Annee3/Premier_semestre/CSN/Labos/Labo4/src/acqu_pos_top.vhd Line: 96
Info (12129): Elaborating entity "bloc_comptage_n" using architecture "A:comport" for hierarchy "bloc_comptage_n:compteur" File: /D/documents/HeigVd/Annee3/Premier_semestre/CSN/Labos/Labo4/src/acqu_pos_top.vhd Line: 104
Info (12129): Elaborating entity "mss" using architecture "A:m_etat" for hierarchy "mss:machine_etat" File: /D/documents/HeigVd/Annee3/Premier_semestre/CSN/Labos/Labo4/src/acqu_pos_top.vhd Line: 113
Warning (13024): Output pins are stuck at VCC or GND
    Warning (13410): Pin "nbr_err_o[0]" is stuck at GND File: /D/documents/HeigVd/Annee3/Premier_semestre/CSN/Labos/Labo4/src/acqu_pos_top.vhd Line: 44
    Warning (13410): Pin "nbr_err_o[1]" is stuck at GND File: /D/documents/HeigVd/Annee3/Premier_semestre/CSN/Labos/Labo4/src/acqu_pos_top.vhd Line: 44
    Warning (13410): Pin "nbr_err_o[2]" is stuck at GND File: /D/documents/HeigVd/Annee3/Premier_semestre/CSN/Labos/Labo4/src/acqu_pos_top.vhd Line: 44
    Warning (13410): Pin "nbr_err_o[3]" is stuck at GND File: /D/documents/HeigVd/Annee3/Premier_semestre/CSN/Labos/Labo4/src/acqu_pos_top.vhd Line: 44
    Warning (13410): Pin "nbr_err_o[4]" is stuck at GND File: /D/documents/HeigVd/Annee3/Premier_semestre/CSN/Labos/Labo4/src/acqu_pos_top.vhd Line: 44
Info (21057): Implemented 118 device resources after synthesis - the final resource count might be different
    Info (21058): Implemented 5 input pins
    Info (21059): Implemented 24 output pins
    Info (21061): Implemented 89 logic cells
Info: Quartus Prime Analysis & Synthesis was successful. 0 errors, 8 warnings
    Info: Peak virtual memory: 930 megabytes
    Info: Processing ended: Tue Dec 17 21:11:40 2019
    Info: Elapsed time: 00:00:08
    Info: Total CPU time (on all processors): 00:00:19


