This is pdfTeX, Version 3.14159265-2.6-1.40.19 (MiKTeX 2.9.6670 64-bit) (preloaded format=pdflatex 2018.5.8)  9 APR 2019 20:49
entering extended mode
**./labo02_MullerPierrick.tex
(labo02_MullerPierrick.tex
LaTeX2e <2018-04-01> patch level 4
Babel <3.20> and hyphenation patterns for 75 language(s) loaded.
(D:\programmes\Latex\tex\latex\base\article.cls
Document Class: article 2014/09/29 v1.4h Standard LaTeX document class
(D:\programmes\Latex\tex\latex\base\size12.clo
File: size12.clo 2014/09/29 v1.4h Standard LaTeX file (size option)
)
\c@part=\count80
\c@section=\count81
\c@subsection=\count82
\c@subsubsection=\count83
\c@paragraph=\count84
\c@subparagraph=\count85
\c@figure=\count86
\c@table=\count87
\abovecaptionskip=\skip41
\belowcaptionskip=\skip42
\bibindent=\dimen102
)
(D:\programmes\Latex\tex\latex\base\inputenc.sty
Package: inputenc 2018/04/06 v1.3b Input encoding file
\inpenc@prehook=\toks14
\inpenc@posthook=\toks15

(C:\Users\mulle\AppData\Roaming\MiKTeX\2.9\tex\latex\ucs\utf8x.def
File: utf8x.def 2004/10/17 UCS: Input encoding UTF-8
))
(C:\Users\mulle\AppData\Roaming\MiKTeX\2.9\tex\latex\ucs\ucs.sty
Package: ucs 2013/05/11 v2.2 UCS: Unicode input support

(C:\Users\mulle\AppData\Roaming\MiKTeX\2.9\tex\latex\ucs\uni-global.def
File: uni-global.def 2013/05/13 UCS: Unicode global data
)
\uc@secondtry=\count88
\uc@combtoks=\toks16
\uc@combtoksb=\toks17
\uc@temptokena=\toks18
)
(D:\programmes\Latex\tex\latex\base\fontenc.sty
Package: fontenc 2017/04/05 v2.0i Standard LaTeX package

(D:\programmes\Latex\tex\latex\base\t1enc.def
File: t1enc.def 2017/04/05 v2.0i Standard LaTeX file
LaTeX Font Info:    Redeclaring font encoding T1 on input line 48.
))
(D:\programmes\Latex\tex\latex\lm\lmodern.sty
Package: lmodern 2009/10/30 v1.6 Latin Modern Fonts
LaTeX Font Info:    Overwriting symbol font `operators' in version `normal'
(Font)                  OT1/cmr/m/n --> OT1/lmr/m/n on input line 22.
LaTeX Font Info:    Overwriting symbol font `letters' in version `normal'
(Font)                  OML/cmm/m/it --> OML/lmm/m/it on input line 23.
LaTeX Font Info:    Overwriting symbol font `symbols' in version `normal'
(Font)                  OMS/cmsy/m/n --> OMS/lmsy/m/n on input line 24.
LaTeX Font Info:    Overwriting symbol font `largesymbols' in version `normal'
(Font)                  OMX/cmex/m/n --> OMX/lmex/m/n on input line 25.
LaTeX Font Info:    Overwriting symbol font `operators' in version `bold'
(Font)                  OT1/cmr/bx/n --> OT1/lmr/bx/n on input line 26.
LaTeX Font Info:    Overwriting symbol font `letters' in version `bold'
(Font)                  OML/cmm/b/it --> OML/lmm/b/it on input line 27.
LaTeX Font Info:    Overwriting symbol font `symbols' in version `bold'
(Font)                  OMS/cmsy/b/n --> OMS/lmsy/b/n on input line 28.
LaTeX Font Info:    Overwriting symbol font `largesymbols' in version `bold'
(Font)                  OMX/cmex/m/n --> OMX/lmex/m/n on input line 29.
LaTeX Font Info:    Overwriting math alphabet `\mathbf' in version `normal'
(Font)                  OT1/cmr/bx/n --> OT1/lmr/bx/n on input line 31.
LaTeX Font Info:    Overwriting math alphabet `\mathsf' in version `normal'
(Font)                  OT1/cmss/m/n --> OT1/lmss/m/n on input line 32.
LaTeX Font Info:    Overwriting math alphabet `\mathit' in version `normal'
(Font)                  OT1/cmr/m/it --> OT1/lmr/m/it on input line 33.
LaTeX Font Info:    Overwriting math alphabet `\mathtt' in version `normal'
(Font)                  OT1/cmtt/m/n --> OT1/lmtt/m/n on input line 34.
LaTeX Font Info:    Overwriting math alphabet `\mathbf' in version `bold'
(Font)                  OT1/cmr/bx/n --> OT1/lmr/bx/n on input line 35.
LaTeX Font Info:    Overwriting math alphabet `\mathsf' in version `bold'
(Font)                  OT1/cmss/bx/n --> OT1/lmss/bx/n on input line 36.
LaTeX Font Info:    Overwriting math alphabet `\mathit' in version `bold'
(Font)                  OT1/cmr/bx/it --> OT1/lmr/bx/it on input line 37.
LaTeX Font Info:    Overwriting math alphabet `\mathtt' in version `bold'
(Font)                  OT1/cmtt/m/n --> OT1/lmtt/m/n on input line 38.
)
(D:\programmes\Latex\tex\generic\babel\babel.sty
Package: babel 2018/05/02 3.20 The Babel package

(D:\programmes\Latex\tex\generic\babel\switch.def
File: switch.def 2018/05/02 3.20 Babel switching mechanism
)
*************************************
* Local config file bblopts.cfg used
*
(C:\Users\mulle\AppData\Roaming\MiKTeX\2.9\tex\latex\arabi\bblopts.cfg
File: bblopts.cfg 2005/09/08 v0.1 add Arabic and Farsi to "declared" options of
 babel
)
(D:\programmes\Latex\tex\generic\babel-french\frenchb.ldf
Language: frenchb 2018/04/12 v3.4d French support from the babel system


Package babel-french Warning: Option `frenchb' for Babel is *deprecated*,
(babel-french)                it might be removed sooner or later. Please
(babel-french)                use `french' instead; reported on input line 35.

(D:\programmes\Latex\tex\generic\babel-french\french.ldf
Language: french 2018/04/12 v3.4d French support from the babel system

(D:\programmes\Latex\tex\generic\babel\babel.def
File: babel.def 2018/05/02 3.20 Babel common definitions
\babel@savecnt=\count89
\U@D=\dimen103

(D:\programmes\Latex\tex\generic\babel\txtbabel.def)
\bbl@dirlevel=\count90
)
\l@acadian = a dialect from \language\l@french 
\FB@nonchar=\count91
Package babel Info: Making : an active character on input line 415.
Package babel Info: Making ; an active character on input line 416.
Package babel Info: Making ! an active character on input line 417.
Package babel Info: Making ? an active character on input line 418.
\FBguill@level=\count92
\FB@everypar=\toks19
\FB@Mht=\dimen104
\mc@charclass=\count93
\mc@charfam=\count94
\mc@charslot=\count95
\std@mcc=\count96
\dec@mcc=\count97
\c@FBcaption@count=\count98
\listindentFB=\skip43
\descindentFB=\skip44
\labelwidthFB=\skip45
\leftmarginFB=\skip46
\parindentFFN=\dimen105
\FBfnindent=\skip47
)))
(D:\programmes\Latex\tex\latex\carlisle\scalefnt.sty)
(D:\programmes\Latex\tex\latex\graphics\keyval.sty
Package: keyval 2014/10/28 v1.15 key=value parser (DPC)
\KV@toks@=\toks20
)
(D:\programmes\Latex\tex\latex\graphics\graphicx.sty
Package: graphicx 2017/06/01 v1.1a Enhanced LaTeX Graphics (DPC,SPQR)

(D:\programmes\Latex\tex\latex\graphics\graphics.sty
Package: graphics 2017/06/25 v1.2c Standard LaTeX Graphics (DPC,SPQR)

(D:\programmes\Latex\tex\latex\graphics\trig.sty
Package: trig 2016/01/03 v1.10 sin cos tan (DPC)
)
(D:\programmes\Latex\tex\latex\graphics-cfg\graphics.cfg
File: graphics.cfg 2016/06/04 v1.11 sample graphics configuration
)
Package graphics Info: Driver file: pdftex.def on input line 99.

(D:\programmes\Latex\tex\latex\graphics-def\pdftex.def
File: pdftex.def 2018/01/08 v1.0l Graphics/color driver for pdftex
))
\Gin@req@height=\dimen106
\Gin@req@width=\dimen107
)
(D:\programmes\Latex\tex\latex\oberdiek\epstopdf.sty
Package: epstopdf 2016/05/15 v2.6 Conversion with epstopdf on the fly (HO)

(D:\programmes\Latex\tex\latex\oberdiek\epstopdf-base.sty
Package: epstopdf-base 2016/05/15 v2.6 Base part for package epstopdf

(D:\programmes\Latex\tex\generic\oberdiek\infwarerr.sty
Package: infwarerr 2016/05/16 v1.4 Providing info/warning/error messages (HO)
)
(D:\programmes\Latex\tex\latex\oberdiek\grfext.sty
Package: grfext 2016/05/16 v1.2 Manage graphics extensions (HO)

(D:\programmes\Latex\tex\generic\oberdiek\kvdefinekeys.sty
Package: kvdefinekeys 2016/05/16 v1.4 Define keys (HO)

(D:\programmes\Latex\tex\generic\oberdiek\ltxcmds.sty
Package: ltxcmds 2016/05/16 v1.23 LaTeX kernel commands for general use (HO)
)))
(D:\programmes\Latex\tex\latex\oberdiek\kvoptions.sty
Package: kvoptions 2016/05/16 v3.12 Key value format for package options (HO)

(D:\programmes\Latex\tex\generic\oberdiek\kvsetkeys.sty
Package: kvsetkeys 2016/05/16 v1.17 Key value parser (HO)

(D:\programmes\Latex\tex\generic\oberdiek\etexcmds.sty
Package: etexcmds 2016/05/16 v1.6 Avoid name clashes with e-TeX commands (HO)

(D:\programmes\Latex\tex\generic\oberdiek\ifluatex.sty
Package: ifluatex 2016/05/16 v1.4 Provides the ifluatex switch (HO)
Package ifluatex Info: LuaTeX not detected.
)
Package etexcmds Info: Could not find \expanded.
(etexcmds)             That can mean that you are not using pdfTeX 1.50 or
(etexcmds)             that some package has redefined \expanded.
(etexcmds)             In the latter case, load this package earlier.
)))
(D:\programmes\Latex\tex\generic\oberdiek\pdftexcmds.sty
Package: pdftexcmds 2018/01/30 v0.27 Utility functions of pdfTeX for LuaTeX (HO
)

(D:\programmes\Latex\tex\generic\oberdiek\ifpdf.sty
Package: ifpdf 2017/03/15 v3.2 Provides the ifpdf switch
)
Package pdftexcmds Info: LuaTeX not detected.
Package pdftexcmds Info: \pdf@primitive is available.
Package pdftexcmds Info: \pdf@ifprimitive is available.
Package pdftexcmds Info: \pdfdraftmode found.
)
Package epstopdf-base Info: Redefining graphics rule for `.eps' on input line 4
38.
Package grfext Info: Graphics extension search list:
(grfext)             [.pdf,.png,.jpg,.mps,.jpeg,.jbig2,.jb2,.PDF,.PNG,.JPG,.JPE
G,.JBIG2,.JB2,.eps]
(grfext)             \AppendGraphicsExtensions on input line 456.
))
(D:\programmes\Latex\tex\latex\geometry\geometry.sty
Package: geometry 2018/03/24 v5.7 Page Geometry

(D:\programmes\Latex\tex\generic\oberdiek\ifvtex.sty
Package: ifvtex 2016/05/16 v1.6 Detect VTeX and its facilities (HO)
Package ifvtex Info: VTeX not detected.
)
(D:\programmes\Latex\tex\generic\ifxetex\ifxetex.sty
Package: ifxetex 2010/09/12 v0.6 Provides ifxetex conditional
)
\Gm@cnth=\count99
\Gm@cntv=\count100
\c@Gm@tempcnt=\count101
\Gm@bindingoffset=\dimen108
\Gm@wd@mp=\dimen109
\Gm@odd@mp=\dimen110
\Gm@even@mp=\dimen111
\Gm@layoutwidth=\dimen112
\Gm@layoutheight=\dimen113
\Gm@layouthoffset=\dimen114
\Gm@layoutvoffset=\dimen115
\Gm@dimlist=\toks21

(D:\programmes\Latex\tex\latex\geometry\geometry.cfg))
(D:\programmes\Latex\tex\latex\amsmath\amsmath.sty
Package: amsmath 2017/09/02 v2.17a AMS math features
\@mathmargin=\skip48

For additional information on amsmath, use the `?' option.
(D:\programmes\Latex\tex\latex\amsmath\amstext.sty
Package: amstext 2000/06/29 v2.01 AMS text

(D:\programmes\Latex\tex\latex\amsmath\amsgen.sty
File: amsgen.sty 1999/11/30 v2.0 generic functions
\@emptytoks=\toks22
\ex@=\dimen116
))
(D:\programmes\Latex\tex\latex\amsmath\amsbsy.sty
Package: amsbsy 1999/11/29 v1.2d Bold Symbols
\pmbraise@=\dimen117
)
(D:\programmes\Latex\tex\latex\amsmath\amsopn.sty
Package: amsopn 2016/03/08 v2.02 operator names
)
\inf@bad=\count102
LaTeX Info: Redefining \frac on input line 213.
\uproot@=\count103
\leftroot@=\count104
LaTeX Info: Redefining \overline on input line 375.
\classnum@=\count105
\DOTSCASE@=\count106
LaTeX Info: Redefining \ldots on input line 472.
LaTeX Info: Redefining \dots on input line 475.
LaTeX Info: Redefining \cdots on input line 596.
\Mathstrutbox@=\box26
\strutbox@=\box27
\big@size=\dimen118
LaTeX Font Info:    Redeclaring font encoding OML on input line 712.
LaTeX Font Info:    Redeclaring font encoding OMS on input line 713.
\macc@depth=\count107
\c@MaxMatrixCols=\count108
\dotsspace@=\muskip10
\c@parentequation=\count109
\dspbrk@lvl=\count110
\tag@help=\toks23
\row@=\count111
\column@=\count112
\maxfields@=\count113
\andhelp@=\toks24
\eqnshift@=\dimen119
\alignsep@=\dimen120
\tagshift@=\dimen121
\tagwidth@=\dimen122
\totwidth@=\dimen123
\lineht@=\dimen124
\@envbody=\toks25
\multlinegap=\skip49
\multlinetaggap=\skip50
\mathdisplay@stack=\toks26
LaTeX Info: Redefining \[ on input line 2817.
LaTeX Info: Redefining \] on input line 2818.
)
(D:\programmes\Latex\tex\latex\hyperref\hyperref.sty
Package: hyperref 2018/02/06 v6.86b Hypertext links for LaTeX

(D:\programmes\Latex\tex\generic\oberdiek\hobsub-hyperref.sty
Package: hobsub-hyperref 2016/05/16 v1.14 Bundle oberdiek, subset hyperref (HO)


(D:\programmes\Latex\tex\generic\oberdiek\hobsub-generic.sty
Package: hobsub-generic 2016/05/16 v1.14 Bundle oberdiek, subset generic (HO)
Package: hobsub 2016/05/16 v1.14 Construct package bundles (HO)
Package hobsub Info: Skipping package `infwarerr' (already loaded).
Package hobsub Info: Skipping package `ltxcmds' (already loaded).
Package hobsub Info: Skipping package `ifluatex' (already loaded).
Package hobsub Info: Skipping package `ifvtex' (already loaded).
Package: intcalc 2016/05/16 v1.2 Expandable calculations with integers (HO)
Package hobsub Info: Skipping package `ifpdf' (already loaded).
Package hobsub Info: Skipping package `etexcmds' (already loaded).
Package hobsub Info: Skipping package `kvsetkeys' (already loaded).
Package hobsub Info: Skipping package `kvdefinekeys' (already loaded).
Package hobsub Info: Skipping package `pdftexcmds' (already loaded).
Package: pdfescape 2016/05/16 v1.14 Implements pdfTeX's escape features (HO)
Package: bigintcalc 2016/05/16 v1.4 Expandable calculations on big integers (HO
)
Package: bitset 2016/05/16 v1.2 Handle bit-vector datatype (HO)
Package: uniquecounter 2016/05/16 v1.3 Provide unlimited unique counter (HO)
)
Package hobsub Info: Skipping package `hobsub' (already loaded).
Package: letltxmacro 2016/05/16 v1.5 Let assignment for LaTeX macros (HO)
Package: hopatch 2016/05/16 v1.3 Wrapper for package hooks (HO)
Package: xcolor-patch 2016/05/16 xcolor patch
Package: atveryend 2016/05/16 v1.9 Hooks at the very end of document (HO)
Package atveryend Info: \enddocument detected (standard20110627).
Package: atbegshi 2016/06/09 v1.18 At begin shipout hook (HO)
Package: refcount 2016/05/16 v3.5 Data extraction from label references (HO)
Package: hycolor 2016/05/16 v1.8 Color options for hyperref/bookmark (HO)
)
(D:\programmes\Latex\tex\latex\oberdiek\auxhook.sty
Package: auxhook 2016/05/16 v1.4 Hooks for auxiliary files (HO)
)
\@linkdim=\dimen125
\Hy@linkcounter=\count114
\Hy@pagecounter=\count115

(D:\programmes\Latex\tex\latex\hyperref\pd1enc.def
File: pd1enc.def 2018/02/06 v6.86b Hyperref: PDFDocEncoding definition (HO)
)
\Hy@SavedSpaceFactor=\count116

(D:\programmes\Latex\tex\latex\00miktex\hyperref.cfg
File: hyperref.cfg 2002/06/06 v1.2 hyperref configuration of TeXLive
)
Package hyperref Info: Hyper figures OFF on input line 4509.
Package hyperref Info: Link nesting OFF on input line 4514.
Package hyperref Info: Hyper index ON on input line 4517.
Package hyperref Info: Plain pages OFF on input line 4524.
Package hyperref Info: Backreferencing OFF on input line 4529.
Package hyperref Info: Implicit mode ON; LaTeX internals redefined.
Package hyperref Info: Bookmarks ON on input line 4762.
\c@Hy@tempcnt=\count117

(C:\Users\mulle\AppData\Roaming\MiKTeX\2.9\tex\latex\url\url.sty
\Urlmuskip=\muskip11
Package: url 2013/09/16  ver 3.4  Verb mode for urls, etc.
)
LaTeX Info: Redefining \url on input line 5115.
\XeTeXLinkMargin=\dimen126
\Fld@menulength=\count118
\Field@Width=\dimen127
\Fld@charsize=\dimen128
Package hyperref Info: Hyper figures OFF on input line 6369.
Package hyperref Info: Link nesting OFF on input line 6374.
Package hyperref Info: Hyper index ON on input line 6377.
Package hyperref Info: backreferencing OFF on input line 6384.
Package hyperref Info: Link coloring OFF on input line 6389.
Package hyperref Info: Link coloring with OCG OFF on input line 6394.
Package hyperref Info: PDF/A mode OFF on input line 6399.
LaTeX Info: Redefining \ref on input line 6439.
LaTeX Info: Redefining \pageref on input line 6443.
\Hy@abspage=\count119
\c@Item=\count120
\c@Hfootnote=\count121
)
Package hyperref Info: Driver (autodetected): hpdftex.

(D:\programmes\Latex\tex\latex\hyperref\hpdftex.def
File: hpdftex.def 2018/02/06 v6.86b Hyperref driver for pdfTeX
\Fld@listcount=\count122
\c@bookmark@seq@number=\count123

(D:\programmes\Latex\tex\latex\oberdiek\rerunfilecheck.sty
Package: rerunfilecheck 2016/05/16 v1.8 Rerun checks for auxiliary files (HO)
Package uniquecounter Info: New unique counter `rerunfilecheck' on input line 2
82.
)
\Hy@SectionHShift=\skip51
)
(C:\Users\mulle\AppData\Roaming\MiKTeX\2.9\tex\latex\pdfpages\pdfpages.sty
Package: pdfpages 2017/10/31 v0.5l Insert pages of external PDF documents (AM)

(D:\programmes\Latex\tex\latex\base\ifthen.sty
Package: ifthen 2014/09/29 v1.1c Standard LaTeX ifthen package (DPC)
)
(D:\programmes\Latex\tex\latex\tools\calc.sty
Package: calc 2017/05/25 v4.3 Infix arithmetic (KKT,FJ)
\calc@Acount=\count124
\calc@Bcount=\count125
\calc@Adimen=\dimen129
\calc@Bdimen=\dimen130
\calc@Askip=\skip52
\calc@Bskip=\skip53
LaTeX Info: Redefining \setlength on input line 80.
LaTeX Info: Redefining \addtolength on input line 81.
\calc@Ccount=\count126
\calc@Cskip=\skip54
)
(C:\Users\mulle\AppData\Roaming\MiKTeX\2.9\tex\latex\eso-pic\eso-pic.sty
Package: eso-pic 2018/04/12 v2.0h eso-pic (RN)

(C:\Users\mulle\AppData\Roaming\MiKTeX\2.9\tex\latex\xcolor\xcolor.sty
Package: xcolor 2016/05/11 v2.12 LaTeX color extensions (UK)

(D:\programmes\Latex\tex\latex\graphics-cfg\color.cfg
File: color.cfg 2016/01/02 v1.6 sample color configuration
)
Package xcolor Info: Driver file: pdftex.def on input line 225.
Package xcolor Info: Model `cmy' substituted by `cmy0' on input line 1348.
Package xcolor Info: Model `hsb' substituted by `rgb' on input line 1352.
Package xcolor Info: Model `RGB' extended on input line 1364.
Package xcolor Info: Model `HTML' substituted by `rgb' on input line 1366.
Package xcolor Info: Model `Hsb' substituted by `hsb' on input line 1367.
Package xcolor Info: Model `tHsb' substituted by `hsb' on input line 1368.
Package xcolor Info: Model `HSB' substituted by `hsb' on input line 1369.
Package xcolor Info: Model `Gray' substituted by `gray' on input line 1370.
Package xcolor Info: Model `wave' substituted by `hsb' on input line 1371.
))
\AM@pagewidth=\dimen131
\AM@pageheight=\dimen132

(C:\Users\mulle\AppData\Roaming\MiKTeX\2.9\tex\latex\pdfpages\pppdftex.def
File: pppdftex.def 2017/10/31 v0.5l Pdfpages driver for pdfTeX (AM)
)
\AM@pagebox=\box28
\AM@global@opts=\toks27
\AM@toc@title=\toks28
\c@AM@survey=\count127
\AM@templatesizebox=\box29
)
(C:\Users\mulle\AppData\Roaming\MiKTeX\2.9\tex\latex\caption\caption.sty
Package: caption 2018/10/06 v3.3-154 Customizing captions (AR)

(C:\Users\mulle\AppData\Roaming\MiKTeX\2.9\tex\latex\caption\caption3.sty
Package: caption3 2018/09/12 v1.8c caption3 kernel (AR)
Package caption3 Info: TeX engine: e-TeX on input line 64.
\captionmargin=\dimen133
\captionmargin@=\dimen134
\captionwidth=\dimen135
\caption@tempdima=\dimen136
\caption@indent=\dimen137
\caption@parindent=\dimen138
\caption@hangindent=\dimen139
)
\c@caption@flags=\count128
\c@ContinuedFloat=\count129
Package caption Info: hyperref package is loaded.
)
(lib/mcode.sty
-- Package: `mcode' 2.5 <2014/03/06> --

LaTeX Warning: You have requested package `lib/mcode',
               but the package provides `mcode'.

Package: mcode 2014/03/06 2.5
 - settings optimized for display (colour formating)
 - line numbering enabled
 - automatic line breaking enabled (careful, buggy!)
 - framed listings
(C:\Users\mulle\AppData\Roaming\MiKTeX\2.9\tex\latex\listings\listings.sty
\lst@mode=\count130
\lst@gtempboxa=\box30
\lst@token=\toks29
\lst@length=\count131
\lst@currlwidth=\dimen140
\lst@column=\count132
\lst@pos=\count133
\lst@lostspace=\dimen141
\lst@width=\dimen142
\lst@newlines=\count134
\lst@lineno=\count135
\lst@maxwidth=\dimen143

(C:\Users\mulle\AppData\Roaming\MiKTeX\2.9\tex\latex\listings\lstmisc.sty
File: lstmisc.sty 2019/02/27 1.8b (Carsten Heinz)
\c@lstnumber=\count136
\lst@skipnumbers=\count137
\lst@framebox=\box31
)
(C:\Users\mulle\AppData\Roaming\MiKTeX\2.9\tex\latex\listings\listings.cfg
File: listings.cfg 2019/02/27 1.8b listings configuration
))
Package: listings 2019/02/27 1.8b (Carsten Heinz)

(D:\programmes\Latex\tex\latex\base\textcomp.sty
Package: textcomp 2017/04/05 v2.0i Standard LaTeX package
Package textcomp Info: Sub-encoding information:
(textcomp)               5 = only ISO-Adobe without \textcurrency
(textcomp)               4 = 5 + \texteuro
(textcomp)               3 = 4 + \textohm
(textcomp)               2 = 3 + \textestimated + \textcurrency
(textcomp)               1 = TS1 - \textcircled - \t
(textcomp)               0 = TS1 (full)
(textcomp)             Font families with sub-encoding setting implement
(textcomp)             only a restricted character set as indicated.
(textcomp)             Family '?' is the default used for unknown fonts.
(textcomp)             See the documentation for details.
Package textcomp Info: Setting ? sub-encoding to TS1/1 on input line 79.

(D:\programmes\Latex\tex\latex\base\ts1enc.def
File: ts1enc.def 2001/06/05 v3.0e (jk/car/fm) Standard LaTeX file
)
LaTeX Info: Redefining \oldstylenums on input line 334.
Package textcomp Info: Setting cmr sub-encoding to TS1/0 on input line 349.
Package textcomp Info: Setting cmss sub-encoding to TS1/0 on input line 350.
Package textcomp Info: Setting cmtt sub-encoding to TS1/0 on input line 351.
Package textcomp Info: Setting cmvtt sub-encoding to TS1/0 on input line 352.
Package textcomp Info: Setting cmbr sub-encoding to TS1/0 on input line 353.
Package textcomp Info: Setting cmtl sub-encoding to TS1/0 on input line 354.
Package textcomp Info: Setting ccr sub-encoding to TS1/0 on input line 355.
Package textcomp Info: Setting ptm sub-encoding to TS1/4 on input line 356.
Package textcomp Info: Setting pcr sub-encoding to TS1/4 on input line 357.
Package textcomp Info: Setting phv sub-encoding to TS1/4 on input line 358.
Package textcomp Info: Setting ppl sub-encoding to TS1/3 on input line 359.
Package textcomp Info: Setting pag sub-encoding to TS1/4 on input line 360.
Package textcomp Info: Setting pbk sub-encoding to TS1/4 on input line 361.
Package textcomp Info: Setting pnc sub-encoding to TS1/4 on input line 362.
Package textcomp Info: Setting pzc sub-encoding to TS1/4 on input line 363.
Package textcomp Info: Setting bch sub-encoding to TS1/4 on input line 364.
Package textcomp Info: Setting put sub-encoding to TS1/5 on input line 365.
Package textcomp Info: Setting uag sub-encoding to TS1/5 on input line 366.
Package textcomp Info: Setting ugq sub-encoding to TS1/5 on input line 367.
Package textcomp Info: Setting ul8 sub-encoding to TS1/4 on input line 368.
Package textcomp Info: Setting ul9 sub-encoding to TS1/4 on input line 369.
Package textcomp Info: Setting augie sub-encoding to TS1/5 on input line 370.
Package textcomp Info: Setting dayrom sub-encoding to TS1/3 on input line 371.
Package textcomp Info: Setting dayroms sub-encoding to TS1/3 on input line 372.

Package textcomp Info: Setting pxr sub-encoding to TS1/0 on input line 373.
Package textcomp Info: Setting pxss sub-encoding to TS1/0 on input line 374.
Package textcomp Info: Setting pxtt sub-encoding to TS1/0 on input line 375.
Package textcomp Info: Setting txr sub-encoding to TS1/0 on input line 376.
Package textcomp Info: Setting txss sub-encoding to TS1/0 on input line 377.
Package textcomp Info: Setting txtt sub-encoding to TS1/0 on input line 378.
Package textcomp Info: Setting lmr sub-encoding to TS1/0 on input line 379.
Package textcomp Info: Setting lmdh sub-encoding to TS1/0 on input line 380.
Package textcomp Info: Setting lmss sub-encoding to TS1/0 on input line 381.
Package textcomp Info: Setting lmssq sub-encoding to TS1/0 on input line 382.
Package textcomp Info: Setting lmvtt sub-encoding to TS1/0 on input line 383.
Package textcomp Info: Setting lmtt sub-encoding to TS1/0 on input line 384.
Package textcomp Info: Setting qhv sub-encoding to TS1/0 on input line 385.
Package textcomp Info: Setting qag sub-encoding to TS1/0 on input line 386.
Package textcomp Info: Setting qbk sub-encoding to TS1/0 on input line 387.
Package textcomp Info: Setting qcr sub-encoding to TS1/0 on input line 388.
Package textcomp Info: Setting qcs sub-encoding to TS1/0 on input line 389.
Package textcomp Info: Setting qpl sub-encoding to TS1/0 on input line 390.
Package textcomp Info: Setting qtm sub-encoding to TS1/0 on input line 391.
Package textcomp Info: Setting qzc sub-encoding to TS1/0 on input line 392.
Package textcomp Info: Setting qhvc sub-encoding to TS1/0 on input line 393.
Package textcomp Info: Setting futs sub-encoding to TS1/4 on input line 394.
Package textcomp Info: Setting futx sub-encoding to TS1/4 on input line 395.
Package textcomp Info: Setting futj sub-encoding to TS1/4 on input line 396.
Package textcomp Info: Setting hlh sub-encoding to TS1/3 on input line 397.
Package textcomp Info: Setting hls sub-encoding to TS1/3 on input line 398.
Package textcomp Info: Setting hlst sub-encoding to TS1/3 on input line 399.
Package textcomp Info: Setting hlct sub-encoding to TS1/5 on input line 400.
Package textcomp Info: Setting hlx sub-encoding to TS1/5 on input line 401.
Package textcomp Info: Setting hlce sub-encoding to TS1/5 on input line 402.
Package textcomp Info: Setting hlcn sub-encoding to TS1/5 on input line 403.
Package textcomp Info: Setting hlcw sub-encoding to TS1/5 on input line 404.
Package textcomp Info: Setting hlcf sub-encoding to TS1/5 on input line 405.
Package textcomp Info: Setting pplx sub-encoding to TS1/3 on input line 406.
Package textcomp Info: Setting pplj sub-encoding to TS1/3 on input line 407.
Package textcomp Info: Setting ptmx sub-encoding to TS1/4 on input line 408.
Package textcomp Info: Setting ptmj sub-encoding to TS1/4 on input line 409.
)
\lbreakdots=\box32
LaTeX Font Info:    Try loading font information for T1+pcr on input line 237.

(D:\programmes\Latex\tex\latex\psnfss\t1pcr.fd
File: t1pcr.fd 2001/06/04 font definitions for T1/pcr.
)) (chapitres/constantes.tex)
(C:\Users\mulle\AppData\Roaming\MiKTeX\2.9\tex\latex\fancyhdr\fancyhdr.sty
Package: fancyhdr 2017/06/30 v3.9a Extensive control of page headers and footer
s
\f@nch@headwidth=\skip55
\f@nch@O@elh=\skip56
\f@nch@O@erh=\skip57
\f@nch@O@olh=\skip58
\f@nch@O@orh=\skip59
\f@nch@O@elf=\skip60
\f@nch@O@erf=\skip61
\f@nch@O@olf=\skip62
\f@nch@O@orf=\skip63
)
(labo02_MullerPierrick.aux)
\openout1 = `labo02_MullerPierrick.aux'.

LaTeX Font Info:    Checking defaults for OML/cmm/m/it on input line 55.
LaTeX Font Info:    ... okay on input line 55.
LaTeX Font Info:    Checking defaults for T1/cmr/m/n on input line 55.
LaTeX Font Info:    ... okay on input line 55.
LaTeX Font Info:    Checking defaults for OT1/cmr/m/n on input line 55.
LaTeX Font Info:    ... okay on input line 55.
LaTeX Font Info:    Checking defaults for OMS/cmsy/m/n on input line 55.
LaTeX Font Info:    ... okay on input line 55.
LaTeX Font Info:    Checking defaults for OMX/cmex/m/n on input line 55.
LaTeX Font Info:    ... okay on input line 55.
LaTeX Font Info:    Checking defaults for U/cmr/m/n on input line 55.
LaTeX Font Info:    ... okay on input line 55.
LaTeX Font Info:    Checking defaults for PD1/pdf/m/n on input line 55.
LaTeX Font Info:    ... okay on input line 55.
LaTeX Font Info:    Checking defaults for TS1/cmr/m/n on input line 55.
LaTeX Font Info:    Try loading font information for TS1+cmr on input line 55.
 (D:\programmes\Latex\tex\latex\base\ts1cmr.fd
File: ts1cmr.fd 2014/09/29 v2.5h Standard LaTeX font definitions
)
LaTeX Font Info:    ... okay on input line 55.
LaTeX Font Info:    Try loading font information for T1+lmr on input line 55.

(D:\programmes\Latex\tex\latex\lm\t1lmr.fd
File: t1lmr.fd 2009/10/30 v1.6 Font defs for Latin Modern
)
(C:\Users\mulle\AppData\Roaming\MiKTeX\2.9\tex\latex\ucs\ucsencs.def
File: ucsencs.def 2011/01/21 Fixes to fontencodings LGR, T3
)
LaTeX Info: Redefining \degres on input line 55.
LaTeX Info: Redefining \dots on input line 55.
LaTeX Info: Redefining \up on input line 55.

(C:\Users\mulle\AppData\Roaming\MiKTeX\2.9\tex\context\base\supp-pdf.mkii
[Loading MPS to PDF converter (version 2006.09.02).]
\scratchcounter=\count138
\scratchdimen=\dimen144
\scratchbox=\box33
\nofMPsegments=\count139
\nofMParguments=\count140
\everyMPshowfont=\toks30
\MPscratchCnt=\count141
\MPscratchDim=\dimen145
\MPnumerator=\count142
\makeMPintoPDFobject=\count143
\everyMPtoPDFconversion=\toks31
)
*geometry* driver: auto-detecting
*geometry* detected driver: pdftex
*geometry* verbose mode - [ preamble ] result:
* driver: pdftex
* paper: a4paper
* layout: <same size as paper>
* layoutoffset:(h,v)=(0.0pt,0.0pt)
* modes: 
* h-part:(L,W,R)=(85.35826pt, 426.79135pt, 85.35826pt)
* v-part:(T,H,B)=(85.35826pt, 674.33032pt, 85.35826pt)
* \paperwidth=597.50787pt
* \paperheight=845.04684pt
* \textwidth=426.79135pt
* \textheight=674.33032pt
* \oddsidemargin=13.08827pt
* \evensidemargin=13.08827pt
* \topmargin=-23.91173pt
* \headheight=27.06pt
* \headsep=25.0pt
* \topskip=12.0pt
* \footskip=30.0pt
* \marginparwidth=35.0pt
* \marginparsep=10.0pt
* \columnsep=10.0pt
* \skip\footins=10.8pt plus 4.0pt minus 2.0pt
* \hoffset=0.0pt
* \voffset=0.0pt
* \mag=1000
* \@twocolumnfalse
* \@twosidefalse
* \@mparswitchfalse
* \@reversemarginfalse
* (1in=72.27pt=25.4mm, 1cm=28.453pt)

\AtBeginShipoutBox=\box34
Package hyperref Info: Link coloring OFF on input line 55.
(D:\programmes\Latex\tex\latex\hyperref\nameref.sty
Package: nameref 2016/05/21 v2.44 Cross-referencing by name of section

(D:\programmes\Latex\tex\generic\oberdiek\gettitlestring.sty
Package: gettitlestring 2016/05/16 v1.5 Cleanup title references (HO)
)
\c@section@level=\count144
)
LaTeX Info: Redefining \ref on input line 55.
LaTeX Info: Redefining \pageref on input line 55.
LaTeX Info: Redefining \nameref on input line 55.

(labo02_MullerPierrick.out) (labo02_MullerPierrick.out)
\@outlinefile=\write3
\openout3 = `labo02_MullerPierrick.out'.


(D:\programmes\Latex\tex\latex\oberdiek\pdflscape.sty
Package: pdflscape 2016/05/14 v0.11 Display of landscape pages in PDF (HO)

(D:\programmes\Latex\tex\latex\graphics\lscape.sty
Package: lscape 2000/10/22 v3.01 Landscape Pages (DPC)
)
Package pdflscape Info: Auto-detected driver: pdftex on input line 81.
)
Package caption Info: Begin \AtBeginDocument code.
Package caption Info: listings package is loaded.
Package caption Info: End \AtBeginDocument code.
\c@lstlisting=\count145

(chapitres/premiere_page.tex
<./images/logo_heig.pdf, id=27, 274.02374pt x 83.31125pt>
File: ./images/logo_heig.pdf Graphic file (type pdf)
<use ./images/logo_heig.pdf>
Package pdftex.def Info: ./images/logo_heig.pdf  used on input line 10.
(pdftex.def)             Requested size: 187.1741pt x 56.9055pt.
<./images/logo_hesso.pdf, id=28, 217.81375pt x 112.42pt>
File: ./images/logo_hesso.pdf Graphic file (type pdf)
<use ./images/logo_hesso.pdf>
Package pdftex.def Info: ./images/logo_hesso.pdf  used on input line 11.
(pdftex.def)             Requested size: 110.25597pt x 56.9055pt.
LaTeX Font Info:    Try loading font information for OT1+lmr on input line 23.
 (D:\programmes\Latex\tex\latex\lm\ot1lmr.fd
File: ot1lmr.fd 2009/10/30 v1.6 Font defs for Latin Modern
)
LaTeX Font Info:    Try loading font information for OML+lmm on input line 23.

(D:\programmes\Latex\tex\latex\lm\omllmm.fd
File: omllmm.fd 2009/10/30 v1.6 Font defs for Latin Modern
)
LaTeX Font Info:    Try loading font information for OMS+lmsy on input line 23.


(D:\programmes\Latex\tex\latex\lm\omslmsy.fd
File: omslmsy.fd 2009/10/30 v1.6 Font defs for Latin Modern
)
LaTeX Font Info:    Try loading font information for OMX+lmex on input line 23.


(D:\programmes\Latex\tex\latex\lm\omxlmex.fd
File: omxlmex.fd 2009/10/30 v1.6 Font defs for Latin Modern
)
LaTeX Font Info:    External font `lmex10' loaded for size
(Font)              <12> on input line 23.
LaTeX Font Info:    External font `lmex10' loaded for size
(Font)              <8> on input line 23.
LaTeX Font Info:    External font `lmex10' loaded for size
(Font)              <6> on input line 23.

(C:\Users\mulle\AppData\Roaming\MiKTeX\2.9\tex\latex\ucs\uni-0.def
File: uni-0.def 2013/05/13 UCS: Unicode data U+0000..U+00FF
)
Overfull \hbox (28.16034pt too wide) in paragraph at lines 23--27
 [] 
 []

<./images/logo_reds.pdf, id=29, 427.5975pt x 213.79875pt>
File: ./images/logo_reds.pdf Graphic file (type pdf)
<use ./images/logo_reds.pdf>
Package pdftex.def Info: ./images/logo_reds.pdf  used on input line 49.
(pdftex.def)             Requested size: 85.35486pt x 42.67912pt.
) [1

{C:/Users/mulle/AppData/Local/MiKTeX/2.9/pdftex/config/pdftex.map} <./images/lo
go_heig.pdf> <./images/logo_hesso.pdf> <./images/logo_reds.pdf>]
(chapitres/Introduction.tex
Underfull \hbox (badness 10000) in paragraph at lines 3--3

 []


Underfull \hbox (badness 10000) in paragraph at lines 4--4

 []

(C:\Users\mulle\AppData\Roaming\MiKTeX\2.9\tex\latex\ucs\uni-1.def
File: uni-1.def 2013/05/13 UCS: Unicode data U+0100..U+01FF
)
Underfull \hbox (badness 10000) in paragraph at lines 5--5

 []


Underfull \hbox (badness 10000) in paragraph at lines 6--6

 []

) (chapitres/AnalyseEtConception.tex
Underfull \hbox (badness 10000) in paragraph at lines 4--5

 []


Package Fancyhdr Warning: \headheight is too small (27.06pt): 
 Make it at least 27.85004pt.
 We now make it that large for the rest of the document.
 This may cause the page layout to be inconsistent, however.

[2]
Underfull \hbox (badness 10000) in paragraph at lines 32--34

 []

<./images/partie1_schema.jpg, id=57, 591.1686pt x 839.0547pt>
File: ./images/partie1_schema.jpg Graphic file (type jpg)
<use ./images/partie1_schema.jpg>
Package pdftex.def Info: ./images/partie1_schema.jpg  used on input line 37.
(pdftex.def)             Requested size: 325.14372pt x 461.48152pt.

Overfull \hbox (34.69017pt too wide) in paragraph at lines 35--37
 [] 
 []


Package caption Warning: The option `hypcap=true' will be ignored for this
(caption)                particular \caption on input line 38.
See the caption package documentation for explanation.


Underfull \hbox (badness 10000) in paragraph at lines 40--46

 []


Package Fancyhdr Warning: \headheight is too small (27.06pt): 
 Make it at least 27.85004pt.
 We now make it that large for the rest of the document.
 This may cause the page layout to be inconsistent, however.

[3 <./images/partie1_schema.jpg>]
Underfull \hbox (badness 10000) in paragraph at lines 48--49

 []


Underfull \hbox (badness 10000) in paragraph at lines 51--52

 []


Underfull \hbox (badness 10000) in paragraph at lines 53--54

 []


Package Fancyhdr Warning: \headheight is too small (27.06pt): 
 Make it at least 27.85004pt.
 We now make it that large for the rest of the document.
 This may cause the page layout to be inconsistent, however.

[4]
Underfull \hbox (badness 10000) in paragraph at lines 83--83

 []

<./images/partie2_Chronogramme.jpg, id=71, 4272.21094pt x 1749.53625pt>
File: ./images/partie2_Chronogramme.jpg Graphic file (type jpg)
<use ./images/partie2_Chronogramme.jpg>
Package pdftex.def Info: ./images/partie2_Chronogramme.jpg  used on input line 
86.
(pdftex.def)             Requested size: 427.24612pt x 174.96387pt.

Overfull \hbox (0.45477pt too wide) in paragraph at lines 86--86
 [] 
 []


Package caption Warning: The option `hypcap=true' will be ignored for this
(caption)                particular \caption on input line 87.
See the caption package documentation for explanation.


Underfull \hbox (badness 10000) in paragraph at lines 90--90

 []

<./images/partie2_schema.jpg, id=72, 591.1686pt x 839.0547pt>
File: ./images/partie2_schema.jpg Graphic file (type jpg)
<use ./images/partie2_schema.jpg>
Package pdftex.def Info: ./images/partie2_schema.jpg  used on input line 95.
(pdftex.def)             Requested size: 325.14372pt x 461.48152pt.

Overfull \hbox (34.69017pt too wide) in paragraph at lines 93--95
 [] 
 []


Package Fancyhdr Warning: \headheight is too small (27.06pt): 
 Make it at least 27.85004pt.
 We now make it that large for the rest of the document.
 This may cause the page layout to be inconsistent, however.

[5 <./images/partie2_Chronogramme.jpg>]

Package caption Warning: The option `hypcap=true' will be ignored for this
(caption)                particular \caption on input line 96.
See the caption package documentation for explanation.


Underfull \hbox (badness 10000) in paragraph at lines 99--100

 []

<./images/partie2_MSS.jpg, id=78, 2734.215pt x 1916.66063pt>
File: ./images/partie2_MSS.jpg Graphic file (type jpg)
<use ./images/partie2_MSS.jpg>
Package pdftex.def Info: ./images/partie2_MSS.jpg  used on input line 101.
(pdftex.def)             Requested size: 273.43752pt x 191.67729pt.

Package caption Warning: The option `hypcap=true' will be ignored for this
(caption)                particular \caption on input line 102.
See the caption package documentation for explanation.

) (chapitres/RealisationEtImplementation.tex

Package Fancyhdr Warning: \headheight is too small (27.06pt): 
 Make it at least 27.85004pt.
 We now make it that large for the rest of the document.
 This may cause the page layout to be inconsistent, however.

[6 <./images/partie2_schema.jpg> <./images/partie2_MSS.jpg>]
Underfull \hbox (badness 10000) in paragraph at lines 5--6

 []

<./images/Full_partie1.png, id=85, 1062.97125pt x 596.2275pt>
File: ./images/Full_partie1.png Graphic file (type png)
<use ./images/Full_partie1.png>
Package pdftex.def Info: ./images/Full_partie1.png  used on input line 7.
(pdftex.def)             Requested size: 425.18097pt x 238.48677pt.

Package caption Warning: The option `hypcap=true' will be ignored for this
(caption)                particular \caption on input line 8.
See the caption package documentation for explanation.


Underfull \hbox (badness 10000) in paragraph at lines 11--12

 []

<./images/decod_partie1.png, id=86, 986.9372pt x 403.5075pt>
File: ./images/decod_partie1.png Graphic file (type png)
<use ./images/decod_partie1.png>
Package pdftex.def Info: ./images/decod_partie1.png  used on input line 13.
(pdftex.def)             Requested size: 394.76788pt x 161.40013pt.

Package caption Warning: The option `hypcap=true' will be ignored for this
(caption)                particular \caption on input line 14.
See the caption package documentation for explanation.


Package Fancyhdr Warning: \headheight is too small (27.06pt): 
 Make it at least 27.85004pt.
 We now make it that large for the rest of the document.
 This may cause the page layout to be inconsistent, however.

[7 <./images/Full_partie1.png> <./images/decod_partie1.png>]
Underfull \hbox (badness 10000) in paragraph at lines 21--22

 []


Underfull \hbox (badness 10000) in paragraph at lines 23--23

 []


Underfull \hbox (badness 10000) in paragraph at lines 24--24

 []


Underfull \hbox (badness 10000) in paragraph at lines 25--25

 []


Underfull \hbox (badness 10000) in paragraph at lines 27--27

 []


Underfull \hbox (badness 10000) in paragraph at lines 29--30

 []

<./images/Sorties_partie1.png, id=94, 549.85425pt x 233.673pt>
File: ./images/Sorties_partie1.png Graphic file (type png)
<use ./images/Sorties_partie1.png>
Package pdftex.def Info: ./images/Sorties_partie1.png  used on input line 31.
(pdftex.def)             Requested size: 439.88399pt x 186.93864pt.

Overfull \hbox (13.09264pt too wide) in paragraph at lines 31--31
 [] 
 []


Package Fancyhdr Warning: \headheight is too small (27.06pt): 
 Make it at least 27.85004pt.
 We now make it that large for the rest of the document.
 This may cause the page layout to be inconsistent, however.

[8]

Package caption Warning: The option `hypcap=true' will be ignored for this
(caption)                particular \caption on input line 32.
See the caption package documentation for explanation.


Underfull \hbox (badness 10000) in paragraph at lines 34--34

 []


Underfull \hbox (badness 10000) in paragraph at lines 36--37

 []

<./images/Entree_partie1.png, id=101, 769.6755pt x 154.77824pt>
File: ./images/Entree_partie1.png Graphic file (type png)
<use ./images/Entree_partie1.png>
Package pdftex.def Info: ./images/Entree_partie1.png  used on input line 38.
(pdftex.def)             Requested size: 461.80887pt x 92.86766pt.

Overfull \hbox (35.01752pt too wide) in paragraph at lines 38--38
 [] 
 []


Package caption Warning: The option `hypcap=true' will be ignored for this
(caption)                particular \caption on input line 39.
See the caption package documentation for explanation.


Underfull \hbox (badness 10000) in paragraph at lines 41--41

 []

(C:\Users\mulle\AppData\Roaming\MiKTeX\2.9\tex\latex\listings\lstlang1.sty
File: lstlang1.sty 2019/02/27 1.8b listings language file
)
(C:\Users\mulle\AppData\Roaming\MiKTeX\2.9\tex\latex\listings\lstmisc.sty
File: lstmisc.sty 2019/02/27 1.8b (Carsten Heinz)
)
LaTeX Font Info:    Try loading font information for TS1+pcr on input line 46.

(D:\programmes\Latex\tex\latex\psnfss\ts1pcr.fd
File: ts1pcr.fd 2001/06/04 font definitions for TS1/pcr.
)

Package Fancyhdr Warning: \headheight is too small (27.06pt): 
 Make it at least 27.85004pt.
 We now make it that large for the rest of the document.
 This may cause the page layout to be inconsistent, however.

[9 <./images/Sorties_partie1.png> <./images/Entree_partie1.png>]

Package Fancyhdr Warning: \headheight is too small (27.06pt): 
 Make it at least 27.85004pt.
 We now make it that large for the rest of the document.
 This may cause the page layout to be inconsistent, however.

[10]
LaTeX Font Info:    Try loading font information for T1+ptm on input line 104.
 (D:\programmes\Latex\tex\latex\psnfss\t1ptm.fd
File: t1ptm.fd 2001/06/04 font definitions for T1/ptm.
)
LaTeX Font Info:    Try loading font information for TS1+ptm on input line 104.


(D:\programmes\Latex\tex\latex\psnfss\ts1ptm.fd
File: ts1ptm.fd 2001/06/04 font definitions for TS1/ptm.
)

Package Fancyhdr Warning: \headheight is too small (27.06pt): 
 Make it at least 27.85004pt.
 We now make it that large for the rest of the document.
 This may cause the page layout to be inconsistent, however.

[11]
Underfull \hbox (badness 10000) in paragraph at lines 178--178

 []


Underfull \hbox (badness 10000) in paragraph at lines 182--183

 []

<./images/Full_partie2.png, id=224, 1059.20718pt x 633.86812pt>
File: ./images/Full_partie2.png Graphic file (type png)
<use ./images/Full_partie2.png>
Package pdftex.def Info: ./images/Full_partie2.png  used on input line 184.
(pdftex.def)             Requested size: 529.6023pt x 316.93329pt.

Overfull \hbox (102.81094pt too wide) in paragraph at lines 184--184
 [] 
 []


Package Fancyhdr Warning: \headheight is too small (27.06pt): 
 Make it at least 27.85004pt.
 We now make it that large for the rest of the document.
 This may cause the page layout to be inconsistent, however.

[12]

Package caption Warning: The option `hypcap=true' will be ignored for this
(caption)                particular \caption on input line 185.
See the caption package documentation for explanation.


Underfull \hbox (badness 10000) in paragraph at lines 187--188

 []


Underfull \hbox (badness 10000) in paragraph at lines 189--190

 []

<./images/gestSW5_partie2.png, id=258, 671.50874pt x 292.09125pt>
File: ./images/gestSW5_partie2.png Graphic file (type png)
<use ./images/gestSW5_partie2.png>
Package pdftex.def Info: ./images/gestSW5_partie2.png  used on input line 191.
(pdftex.def)             Requested size: 402.90836pt x 175.25609pt.

Package caption Warning: The option `hypcap=true' will be ignored for this
(caption)                particular \caption on input line 192.
See the caption package documentation for explanation.


Package Fancyhdr Warning: \headheight is too small (27.06pt): 
 Make it at least 27.85004pt.
 We now make it that large for the rest of the document.
 This may cause the page layout to be inconsistent, however.

[13 <./images/Full_partie2.png> <./images/gestSW5_partie2.png>]
Underfull \hbox (badness 10000) in paragraph at lines 201--202

 []


Underfull \hbox (badness 10000) in paragraph at lines 204--205

 []


Underfull \hbox (badness 10000) in paragraph at lines 206--207

 []


Package Fancyhdr Warning: \headheight is too small (27.06pt): 
 Make it at least 27.85004pt.
 We now make it that large for the rest of the document.
 This may cause the page layout to be inconsistent, however.

[14]

Package Fancyhdr Warning: \headheight is too small (27.06pt): 
 Make it at least 27.85004pt.
 We now make it that large for the rest of the document.
 This may cause the page layout to be inconsistent, however.

[15]

Package Fancyhdr Warning: \headheight is too small (27.06pt): 
 Make it at least 27.85004pt.
 We now make it that large for the rest of the document.
 This may cause the page layout to be inconsistent, however.

[16]
Underfull \hbox (badness 10000) in paragraph at lines 362--362

 []

) (chapitres/Simulation.tex
Underfull \hbox (badness 10000) in paragraph at lines 5--6

 []

<./images/circTest_partie1.png, id=406, 480.5955pt x 305.34074pt>
File: ./images/circTest_partie1.png Graphic file (type png)
<use ./images/circTest_partie1.png>
Package pdftex.def Info: ./images/circTest_partie1.png  used on input line 7.
(pdftex.def)             Requested size: 384.47693pt x 244.27292pt.

Package Fancyhdr Warning: \headheight is too small (27.06pt): 
 Make it at least 27.85004pt.
 We now make it that large for the rest of the document.
 This may cause the page layout to be inconsistent, however.

[17]

Package caption Warning: The option `hypcap=true' will be ignored for this
(caption)                particular \caption on input line 8.
See the caption package documentation for explanation.


Underfull \hbox (badness 10000) in paragraph at lines 10--11

 []

<./images/Test_Part1_Read_Timing_Bus_Reptar.png, id=437, 694.09312pt x 254.4506
2pt>
File: ./images/Test_Part1_Read_Timing_Bus_Reptar.png Graphic file (type png)
<use ./images/Test_Part1_Read_Timing_Bus_Reptar.png>
Package pdftex.def Info: ./images/Test_Part1_Read_Timing_Bus_Reptar.png  used o
n input line 12.
(pdftex.def)             Requested size: 416.45909pt x 152.67154pt.

Package caption Warning: The option `hypcap=true' will be ignored for this
(caption)                particular \caption on input line 13.
See the caption package documentation for explanation.


Underfull \hbox (badness 10000) in paragraph at lines 15--15

 []


Underfull \hbox (badness 10000) in paragraph at lines 16--17

 []

<./images/Test_Part1_WriteAFF_Timing_Bus_Reptar.png, id=438, 648.92438pt x 246.
9225pt>
File: ./images/Test_Part1_WriteAFF_Timing_Bus_Reptar.png Graphic file (type png
)
<use ./images/Test_Part1_WriteAFF_Timing_Bus_Reptar.png>
Package pdftex.def Info: ./images/Test_Part1_WriteAFF_Timing_Bus_Reptar.png  us
ed on input line 18.
(pdftex.def)             Requested size: 421.79585pt x 160.49771pt.

Package caption Warning: The option `hypcap=true' will be ignored for this
(caption)                particular \caption on input line 19.
See the caption package documentation for explanation.


Package Fancyhdr Warning: \headheight is too small (27.06pt): 
 Make it at least 27.85004pt.
 We now make it that large for the rest of the document.
 This may cause the page layout to be inconsistent, however.

[18 <./images/circTest_partie1.png> <./images/Test_Part1_Read_Timing_Bus_Reptar
.png>]
<./images/Test_Part1_WriteLED_Timing_Bus_Reptar.png, id=446, 572.89032pt x 246.
9225pt>
File: ./images/Test_Part1_WriteLED_Timing_Bus_Reptar.png Graphic file (type png
)
<use ./images/Test_Part1_WriteLED_Timing_Bus_Reptar.png>
Package pdftex.def Info: ./images/Test_Part1_WriteLED_Timing_Bus_Reptar.png  us
ed on input line 22.
(pdftex.def)             Requested size: 429.66669pt x 185.1914pt.

Overfull \hbox (2.87534pt too wide) in paragraph at lines 22--22
 [] 
 []


Package caption Warning: The option `hypcap=true' will be ignored for this
(caption)                particular \caption on input line 23.
See the caption package documentation for explanation.


Underfull \hbox (badness 10000) in paragraph at lines 27--28

 []

<./images/Test_Part2_Read_Write_Timing_Bus_Reptar.png, id=447, 698.61pt x 346.2
9375pt>
File: ./images/Test_Part2_Read_Write_Timing_Bus_Reptar.png Graphic file (type p
ng)
<use ./images/Test_Part2_Read_Write_Timing_Bus_Reptar.png>
Package pdftex.def Info: ./images/Test_Part2_Read_Write_Timing_Bus_Reptar.png  
used on input line 29.
(pdftex.def)             Requested size: 489.02367pt x 242.40396pt.

Overfull \hbox (62.23232pt too wide) in paragraph at lines 29--29
 [] 
 []


Package Fancyhdr Warning: \headheight is too small (27.06pt): 
 Make it at least 27.85004pt.
 We now make it that large for the rest of the document.
 This may cause the page layout to be inconsistent, however.

[19 <./images/Test_Part1_WriteAFF_Timing_Bus_Reptar.png> <./images/Test_Part1_W
riteLED_Timing_Bus_Reptar.png>]

Package caption Warning: The option `hypcap=true' will be ignored for this
(caption)                particular \caption on input line 30.
See the caption package documentation for explanation.


Underfull \hbox (badness 10000) in paragraph at lines 32--32

 []

<./images/Test_Part2_Flag_Timing_Bus_Reptar.png, id=456, 606.76688pt x 259.7203
pt>
File: ./images/Test_Part2_Flag_Timing_Bus_Reptar.png Graphic file (type png)
<use ./images/Test_Part2_Flag_Timing_Bus_Reptar.png>
Package pdftex.def Info: ./images/Test_Part2_Flag_Timing_Bus_Reptar.png  used o
n input line 35.
(pdftex.def)             Requested size: 485.41415pt x 207.77652pt.

Overfull \hbox (58.6228pt too wide) in paragraph at lines 35--35
 [] 
 []


Package caption Warning: The option `hypcap=true' will be ignored for this
(caption)                particular \caption on input line 36.
See the caption package documentation for explanation.

) (chapitres/Conclusion.tex

Package Fancyhdr Warning: \headheight is too small (27.06pt): 
 Make it at least 27.85004pt.
 We now make it that large for the rest of the document.
 This may cause the page layout to be inconsistent, however.

[20 <./images/Test_Part2_Read_Write_Timing_Bus_Reptar.png> <./images/Test_Part2
_Flag_Timing_Bus_Reptar.png>]
Underfull \hbox (badness 10000) in paragraph at lines 3--3

 []


Underfull \hbox (badness 10000) in paragraph at lines 3--3

 []


Underfull \hbox (badness 10000) in paragraph at lines 3--3

 []

)
Underfull \hbox (badness 10000) in paragraph at lines 81--82

 []

Package atveryend Info: Empty hook `BeforeClearDocument' on input line 98.

Package Fancyhdr Warning: \headheight is too small (27.06pt): 
 Make it at least 27.85004pt.
 We now make it that large for the rest of the document.
 This may cause the page layout to be inconsistent, however.

[21]
Package atveryend Info: Empty hook `AfterLastShipout' on input line 98.
 (labo02_MullerPierrick.aux)
Package atveryend Info: Executing hook `AtVeryEndDocument' on input line 98.
Package atveryend Info: Executing hook `AtEndAfterFileList' on input line 98.
Package rerunfilecheck Info: File `labo02_MullerPierrick.out' has not changed.
(rerunfilecheck)             Checksum: F3F84C26F9C132133FE0BBA463B70041;314.
Package atveryend Info: Empty hook `AtVeryVeryEnd' on input line 98.
 ) 
Here is how much of TeX's memory you used:
 14119 strings out of 492976
 205760 string characters out of 3139540
 566211 words of memory out of 3000000
 17376 multiletter control sequences out of 15000+200000
 52786 words of font info for 44 fonts, out of 3000000 for 9000
 1141 hyphenation exceptions out of 8191
 42i,12n,51p,937b,2111s stack positions out of 5000i,500n,10000p,200000b,50000s
{D:/programmes/Latex/fonts/enc/dvips/base/8r.enc}{D:/programmes/Latex/fonts/e
nc/dvips/lm/lm-ec.enc}{D:/programmes/Latex/fonts/enc/dvips/lm/lm-rm.enc}{D:/pro
grammes/Latex/fonts/enc/dvips/lm/lm-mathit.enc}<D:/programmes/Latex/fonts/type1
/public/lm/lmbx12.pfb><D:/programmes/Latex/fonts/type1/public/lm/lmcsc10.pfb><D
:/programmes/Latex/fonts/type1/public/lm/lmmi12.pfb><D:/programmes/Latex/fonts/
type1/public/lm/lmr12.pfb><D:/programmes/Latex/fonts/type1/public/lm/lmr17.pfb>
<D:/programmes/Latex/fonts/type1/public/lm/lmr6.pfb><D:/programmes/Latex/fonts/
type1/urw/courier/ucrr8a.pfb><D:/programmes/Latex/fonts/type1/urw/times/utmr8a.
pfb>
Output written on labo02_MullerPierrick.pdf (21 pages, 6266401 bytes).
PDF statistics:
 569 PDF objects out of 1000 (max. 8388607)
 333 named destinations out of 1000 (max. 500000)
 144 words of extra memory for PDF output out of 10000 (max. 10000000)

